<?xml version="1.0" encoding="UTF-8"?>
<!-- Generated by org.testng.reporters.JUnitReportReporter -->
<testsuite hostname="DESKTOP-OMC651B" failures="0" tests="1" name="com.inetBanking.testCases.TC_LoginTest_001" time="2.935" errors="0" timestamp="11 Oct 2021 06:17:52 GMT" skipped="0">
  <testcase classname="com.inetBanking.testCases.TC_LoginTest_001" name="loginTest" time="2.935"/>
</testsuite> <!-- com.inetBanking.testCases.TC_LoginTest_001 -->
